<?xml version="1.0" encoding="UTF-8"?>
<!-- Generated by org.testng.reporters.JUnitReportReporter -->
<testsuite hostname="VWVITHLGGN111" failures="0" tests="1" name="com.basic.LocateLinks" time="2.757" errors="0" timestamp="2022-11-21T15:53:52 IST" skipped="0">
  <testcase classname="com.basic.LocateLinks" name="images" time="2.757"/>
  <system-out/>
</testsuite> <!-- com.basic.LocateLinks -->
