<?xml version="1.0" encoding="UTF-8"?>
<!-- Generated by org.testng.reporters.JUnitReportReporter -->
<testsuite hostname="VWVITHLGGN111" failures="0" tests="1" name="org.basic.LaunchBrowser" time="17.481" errors="0" timestamp="2022-11-24T15:29:38 IST" skipped="0">
  <testcase classname="org.basic.LaunchBrowser" name="openChrome" time="17.481"/>
  <system-out/>
</testsuite> <!-- org.basic.LaunchBrowser -->
