<?xml version="1.0" encoding="UTF-8"?>
<!-- Generated by org.testng.reporters.JUnitReportReporter -->
<testsuite hostname="VWVITHLGGN111" failures="0" tests="3" name="com.basic.WorkingOnDropDown" time="0.504" errors="0" timestamp="2022-11-22T15:02:15 IST" skipped="0">
  <testcase classname="com.basic.WorkingOnDropDown" name="multiSelect" time="0.231"/>
  <system-out/>
  <testcase classname="com.basic.WorkingOnDropDown" name="selectItemByText" time="0.138"/>
  <system-out/>
  <testcase classname="com.basic.WorkingOnDropDown" name="selectItemByValue" time="0.135"/>
  <system-out/>
</testsuite> <!-- com.basic.WorkingOnDropDown -->
