<?xml version="1.0" encoding="UTF-8"?>
<!-- Generated by org.testng.reporters.JUnitReportReporter -->
<testsuite hostname="VWVITHLGGN111" failures="0" tests="1" name="org.basic.DemoRelativeLocator" time="62.681" errors="0" timestamp="2022-11-25T00:13:27 IST" skipped="0">
  <testcase classname="org.basic.DemoRelativeLocator" name="filterProduct" time="62.681"/>
  <system-out/>
</testsuite> <!-- org.basic.DemoRelativeLocator -->
