<?xml version="1.0" encoding="UTF-8"?>
<!-- Generated by org.testng.reporters.JUnitReportReporter -->
<testsuite hostname="VWVITHLGGN111" failures="0" tests="3" name="org.basic.LocateLinks" time="20.708" errors="0" timestamp="2022-11-24T15:43:50 IST" skipped="0">
  <testcase classname="org.basic.LocateLinks" name="advertising" time="7.350"/>
  <system-out/>
  <testcase classname="org.basic.LocateLinks" name="images" time="6.365"/>
  <system-out/>
  <testcase classname="org.basic.LocateLinks" name="search" time="6.993"/>
  <system-out/>
</testsuite> <!-- org.basic.LocateLinks -->
