<?xml version="1.0" encoding="UTF-8"?>
<!-- Generated by org.testng.reporters.JUnitReportReporter -->
<testsuite hostname="VWVITHLGGN111" failures="0" tests="1" name="org.basic.WorkingOnLists" time="11.965" errors="0" timestamp="2022-11-22T15:20:50 IST" skipped="0">
  <testcase classname="org.basic.WorkingOnLists" name="selectItemFromList" time="11.965"/>
  <system-out/>
</testsuite> <!-- org.basic.WorkingOnLists -->
