<?xml version="1.0" encoding="UTF-8"?>
<!-- Generated by org.testng.reporters.JUnitReportReporter -->
<testsuite hostname="VWVITHLGGN111" failures="0" tests="1" name="com.basic.WorkingOnRadio" time="11.188" errors="0" timestamp="2022-11-22T13:24:44 IST" skipped="0">
  <testcase classname="com.basic.WorkingOnRadio" name="selectRadio" time="11.188"/>
  <system-out/>
</testsuite> <!-- com.basic.WorkingOnRadio -->
