<?xml version="1.0" encoding="UTF-8"?>
<!-- Generated by org.testng.reporters.JUnitReportReporter -->
<testsuite hostname="VWVITHLGGN111" failures="0" tests="1" name="com.basic.LaunchBrowser" time="24.249" errors="0" timestamp="2022-11-21T15:53:46 IST" skipped="0">
  <testcase classname="com.basic.LaunchBrowser" name="openChrome" time="24.249"/>
  <system-out/>
</testsuite> <!-- com.basic.LaunchBrowser -->
