<?xml version="1.0" encoding="UTF-8"?>
<!-- Generated by org.testng.reporters.JUnitReportReporter -->
<testsuite hostname="VWVITHLGGN111" failures="0" tests="1" name="com.basic.LocateByIDName" time="10.295" errors="0" timestamp="2022-11-21T15:03:08 IST" skipped="0">
  <testcase classname="com.basic.LocateByIDName" name="invalidLogin" time="10.295"/>
  <system-out/>
</testsuite> <!-- com.basic.LocateByIDName -->
