<?xml version="1.0" encoding="UTF-8"?>
<!-- Generated by org.testng.reporters.JUnitReportReporter -->
<testsuite hostname="VWVITHLGGN111" failures="0" tests="1" name="org.assignments.FormTest" time="13.027" errors="0" timestamp="2022-11-22T15:45:43 IST" skipped="0">
  <testcase classname="org.assignments.FormTest" name="selectCheckbox" time="13.027"/>
  <system-out/>
</testsuite> <!-- org.assignments.FormTest -->
