<?xml version="1.0" encoding="UTF-8"?>
<!-- Generated by org.testng.reporters.JUnitReportReporter -->
<testsuite hostname="VWVITHLGGN111" failures="0" tests="1" name="org.basic.WorkingOnCheckbox" time="15.922" errors="0" timestamp="2022-11-24T15:46:09 IST" skipped="0">
  <testcase classname="org.basic.WorkingOnCheckbox" name="selectCheckBox" time="15.922"/>
  <system-out/>
</testsuite> <!-- org.basic.WorkingOnCheckbox -->
