<?xml version="1.0" encoding="UTF-8"?>
<!-- Generated by org.testng.reporters.JUnitReportReporter -->
<testsuite hostname="VWVITHLGGN111" failures="0" tests="1" name="org.preetam.DemoSelenium.AppTest" time="0.002" errors="0" timestamp="2022-11-21T15:53:04 IST" skipped="0">
  <testcase classname="org.preetam.DemoSelenium.AppTest" name="testApp" time="0.002"/>
  <system-out/>
</testsuite> <!-- org.preetam.DemoSelenium.AppTest -->
