<?xml version="1.0" encoding="UTF-8"?>
<!-- Generated by org.testng.reporters.JUnitReportReporter -->
<testsuite hostname="VWVITHLGGN111" failures="0" tests="1" name="basic.EmployeeAPI" time="2.207" errors="0" timestamp="2022-11-25T12:49:21 IST" skipped="0">
  <testcase classname="basic.EmployeeAPI" name="deleteEmployee" time="2.207"/>
  <system-out/>
</testsuite> <!-- basic.EmployeeAPI -->
